SF:lib\utils\helpers\SHA-256_encryption.dart
DA:5,1
DA:7,1
DA:9,1
DA:13,1
LF:4
LH:4
end_of_record
SF:lib\core\registration\widgets\NewSurname.dart
LF:0
LH:0
end_of_record
SF:lib\utils\services\online_db.dart
DA:20,1
DA:21,1
DA:22,1
DA:25,2
DA:27,2
DA:28,3
DA:29,2
DA:31,1
DA:32,2
DA:33,2
DA:39,0
DA:40,0
DA:41,0
DA:44,0
DA:45,0
DA:46,0
DA:47,0
DA:50,0
DA:51,0
DA:58,0
DA:59,0
DA:60,0
DA:61,0
DA:66,0
DA:67,0
DA:74,1
DA:81,1
DA:82,1
DA:83,1
DA:86,5
DA:89,1
DA:90,1
DA:91,1
DA:100,0
DA:101,0
DA:102,0
DA:103,0
DA:104,0
DA:105,0
DA:106,0
DA:107,0
DA:108,0
DA:109,0
DA:113,0
DA:114,0
DA:115,0
DA:116,0
DA:117,0
DA:118,0
DA:123,0
DA:124,0
DA:125,0
DA:126,0
DA:127,0
DA:128,0
DA:129,0
DA:130,0
DA:131,0
DA:132,0
DA:133,0
DA:134,0
DA:135,0
DA:136,0
DA:137,0
DA:138,0
DA:139,0
DA:144,1
DA:145,1
DA:147,2
DA:151,2
DA:153,0
DA:157,1
DA:158,2
DA:159,1
DA:160,1
DA:161,2
DA:162,1
DA:163,1
DA:166,1
DA:173,1
DA:174,1
DA:176,2
DA:181,2
DA:186,4
DA:190,1
DA:191,1
DA:192,2
DA:194,2
DA:198,2
DA:202,4
DA:206,1
DA:207,1
DA:208,2
DA:210,2
DA:214,2
DA:215,1
DA:218,1
DA:219,2
DA:220,1
DA:221,2
DA:222,1
DA:223,2
DA:224,1
DA:225,2
DA:226,1
DA:227,1
DA:228,1
DA:230,1
DA:232,1
DA:238,1
DA:240,1
DA:242,2
DA:247,1
DA:254,5
DA:256,1
DA:266,1
DA:267,1
DA:269,2
DA:273,2
DA:275,0
DA:279,1
DA:281,3
DA:282,2
DA:283,2
DA:284,4
DA:286,1
DA:292,1
DA:299,1
DA:300,1
DA:301,3
DA:303,2
DA:305,2
DA:308,1
DA:310,1
DA:316,2
DA:317,0
DA:320,1
DA:322,3
DA:323,4
DA:325,1
DA:332,1
DA:334,1
DA:336,1
DA:337,1
DA:339,1
DA:344,1
DA:346,2
DA:348,3
DA:350,1
DA:358,1
DA:359,1
DA:360,2
DA:362,2
DA:364,1
DA:366,2
DA:369,2
DA:371,1
DA:372,1
DA:376,2
DA:377,1
DA:378,1
DA:379,1
DA:380,3
DA:381,1
DA:382,1
DA:383,1
DA:384,3
DA:385,1
DA:392,1
DA:393,1
DA:394,2
DA:396,2
DA:398,2
DA:399,2
DA:400,1
DA:401,1
DA:405,1
DA:406,2
DA:407,1
DA:408,1
DA:409,2
DA:410,2
DA:411,1
DA:412,1
DA:413,2
DA:414,1
DA:415,1
DA:416,2
DA:417,1
DA:418,1
DA:419,1
DA:420,1
DA:422,1
DA:429,1
DA:432,1
DA:434,2
DA:435,4
DA:437,2
DA:438,1
DA:446,1
DA:447,1
DA:448,2
DA:450,2
DA:457,1
DA:458,1
DA:460,1
DA:461,2
DA:462,1
DA:463,1
DA:464,2
DA:466,1
DA:474,1
DA:476,1
DA:478,1
DA:484,1
DA:487,1
DA:489,2
DA:491,3
DA:493,1
DA:500,1
DA:508,1
DA:517,1
DA:528,1
DA:530,2
DA:532,3
DA:534,1
LF:226
LH:175
end_of_record
SF:lib\core\registration\widgets\NewIDnum.dart
LF:0
LH:0
end_of_record
SF:lib\core\registration\widgets\NewLoc.dart
LF:0
LH:0
end_of_record
SF:lib\core\registration\widgets\NewPassword.dart
LF:0
LH:0
end_of_record
SF:lib\core\registration\widgets\NewPassword2.dart
LF:0
LH:0
end_of_record
SF:lib\core\registration\widgets\NewPhone.dart
LF:0
LH:0
end_of_record
SF:lib\core\registration\widgets\newEmail.dart
LF:0
LH:0
end_of_record
SF:lib\core\registration\widgets\newName.dart
LF:0
LH:0
end_of_record
SF:lib\core\registration\widgets\Secret.dart
LF:0
LH:0
end_of_record
SF:lib\core\registration\registration.functions.dart
DA:47,1
DA:49,1
DA:52,2
DA:56,1
DA:58,1
DA:63,2
DA:67,2
DA:70,2
DA:73,2
DA:77,1
DA:82,2
DA:85,1
DA:92,1
DA:93,1
DA:100,1
DA:101,4
DA:105,4
DA:109,1
DA:110,1
DA:116,1
DA:117,2
DA:122,1
DA:127,1
DA:128,1
DA:135,1
DA:136,2
DA:138,2
DA:140,1
DA:142,1
DA:148,1
DA:149,2
DA:154,1
DA:158,1
DA:160,1
DA:165,1
DA:166,2
DA:173,1
DA:174,4
DA:178,4
DA:182,1
DA:183,1
DA:188,1
DA:189,1
DA:196,1
DA:197,2
DA:201,1
DA:207,1
DA:208,2
LF:48
LH:48
end_of_record
SF:lib\core\registration\widgets\NewAge.dart
LF:0
LH:0
end_of_record
SF:lib\utils\helpers\helper.dart
DA:2,1
DA:5,1
DA:6,2
DA:7,3
DA:8,1
DA:10,2
DA:18,1
DA:19,1
DA:20,1
DA:21,1
DA:23,3
DA:25,1
DA:26,2
DA:27,4
DA:31,2
LF:15
LH:15
end_of_record
SF:lib\utils\helpers\db_helper.dart
DA:1,1
DA:5,2
LF:2
LH:2
end_of_record
SF:lib\core\login\login.functions.dart
LF:0
LH:0
end_of_record
SF:lib\classes\accountTypes.dart
LF:0
LH:0
end_of_record
SF:lib\classes\accountDetails.dart
LF:0
LH:0
end_of_record
SF:lib\classes\address.class.dart
LF:0
LH:0
end_of_record
SF:lib\classes\log.dart
LF:0
LH:0
end_of_record
SF:lib\classes\name.class.dart
LF:0
LH:0
end_of_record
SF:lib\classes\specificAccount.dart
LF:0
LH:0
end_of_record
SF:lib\classes\thisUser.dart
LF:0
LH:0
end_of_record
SF:lib\classes\user.class.dart
LF:0
LH:0
end_of_record
SF:lib\config\routes\router.dart
LF:0
LH:0
end_of_record
SF:lib\core\account\accounts.dart
LF:0
LH:0
end_of_record
SF:lib\core\create_account\create_account.dart
LF:0
LH:0
end_of_record
SF:lib\core\payments\payment.dart
LF:0
LH:0
end_of_record
SF:lib\core\select_payment\select_payment.dart
LF:0
LH:0
end_of_record
SF:lib\core\specific_account\specific_bank_account.dart
LF:0
LH:0
end_of_record
SF:lib\core\transfer\transfer.dart
LF:0
LH:0
end_of_record
SF:lib\core\verification_list\admin_verify_user.dart
LF:0
LH:0
end_of_record
SF:lib\core\login\login.dart
LF:0
LH:0
end_of_record
SF:lib\core\registration\admin_registration.dart
LF:0
LH:0
end_of_record
SF:lib\core\registration\client_registration.dart
LF:0
LH:0
end_of_record
SF:lib\core\registration\newuser.page.dart
LF:0
LH:0
end_of_record
SF:lib\core\timeline\timeline.dart
LF:0
LH:0
end_of_record
SF:lib\core\verification_list\admin_verification_list.dart
LF:0
LH:0
end_of_record
SF:lib\core\profile\profile.dart
LF:0
LH:0
end_of_record
SF:lib\config\routes\router.helper.dart
LF:0
LH:0
end_of_record
SF:lib\config\routes\undefined_page.dart
LF:0
LH:0
end_of_record
SF:lib\utils\helpers\back_button_helper.dart
LF:0
LH:0
end_of_record
SF:lib\widgets\heading.dart
LF:0
LH:0
end_of_record
SF:lib\widgets\navigation.dart
LF:0
LH:0
end_of_record
SF:lib\widgets\noAccounts.dart
LF:0
LH:0
end_of_record
SF:lib\utils\helpers\style.dart
LF:0
LH:0
end_of_record
SF:lib\utils\services\local_db.dart
LF:0
LH:0
end_of_record
SF:lib\core\account\widgets\card_info.dart
LF:0
LH:0
end_of_record
SF:lib\core\account\accounts.functions.dart
LF:0
LH:0
end_of_record
SF:lib\core\registration\widgets\Logo.dart
LF:0
LH:0
end_of_record
SF:lib\core\registration\widgets\button.dart
LF:0
LH:0
end_of_record
SF:lib\core\registration\widgets\first.dart
LF:0
LH:0
end_of_record
SF:lib\core\login\widgets\login_id.dart
LF:0
LH:0
end_of_record
SF:lib\core\login\widgets\login_password.dart
LF:0
LH:0
end_of_record
SF:lib\core\login\login.helpers.dart
LF:0
LH:0
end_of_record
SF:lib\utils\helpers\ignore_helper.dart
LF:0
LH:0
end_of_record
SF:lib\core\payments\payment.functions.dart
LF:0
LH:0
end_of_record
SF:lib\core\transfer\widgets\scrollAccount.dart
LF:0
LH:0
end_of_record
SF:lib\utils\helpers\dialogs.dart
LF:0
LH:0
end_of_record
SF:lib\core\registration\widgets\subHeading.dart
LF:0
LH:0
end_of_record
SF:lib\core\registration\widgets\subsubHeading.dart
LF:0
LH:0
end_of_record
SF:lib\widgets\pendingNav.dart
LF:0
LH:0
end_of_record
SF:lib\core\registration\widgets\buttonNewUser.dart
LF:0
LH:0
end_of_record
SF:lib\core\registration\widgets\userOld.dart
LF:0
LH:0
end_of_record
SF:lib\core\registration\widgets\buttonRejectClient.dart
LF:0
LH:0
end_of_record
SF:lib\core\registration\widgets\buttonVerifyClient.dart
LF:0
LH:0
end_of_record
SF:lib\core\select_payment\widgets\paymentButton.dart
LF:0
LH:0
end_of_record
SF:lib\utils\helpers\icons.dart
LF:0
LH:0
end_of_record
SF:lib\core\transfer\transfer.functions.dart
LF:0
LH:0
end_of_record
SF:lib\core\verification_list\verification.functions.dart
LF:0
LH:0
end_of_record
