SF:lib\utils\services\online_db.dart
DA:20,1
DA:21,1
DA:22,1
DA:24,2
DA:26,2
DA:27,3
DA:28,2
DA:30,1
DA:31,2
DA:32,2
DA:37,0
DA:38,0
DA:39,0
DA:48,0
DA:54,0
DA:55,0
DA:56,0
DA:59,0
DA:62,0
DA:63,0
DA:64,0
DA:71,0
DA:72,0
DA:74,0
DA:75,0
DA:76,0
DA:77,0
DA:78,0
DA:79,0
DA:80,0
DA:81,0
DA:82,0
DA:83,0
DA:85,0
DA:86,0
DA:87,0
DA:88,0
DA:89,0
DA:90,0
DA:93,0
DA:94,0
DA:95,0
DA:96,0
DA:97,0
DA:98,0
DA:99,0
DA:100,0
DA:101,0
DA:102,0
DA:103,0
DA:104,0
DA:105,0
DA:106,0
DA:107,0
DA:108,0
DA:109,0
DA:131,0
DA:132,0
DA:134,0
DA:136,0
DA:137,0
DA:138,0
DA:139,0
DA:143,0
DA:144,0
DA:145,0
DA:146,0
DA:147,0
DA:148,0
DA:149,0
DA:152,0
DA:159,0
DA:160,0
DA:162,0
DA:164,0
DA:165,0
DA:166,0
DA:171,0
DA:176,0
DA:177,0
DA:178,0
DA:180,0
DA:182,0
DA:183,0
DA:184,0
DA:185,0
DA:189,0
DA:190,0
DA:191,0
DA:192,0
DA:193,0
DA:194,0
DA:195,0
DA:196,0
DA:197,0
DA:198,0
DA:199,0
DA:201,0
DA:203,0
DA:210,0
DA:212,0
DA:214,0
DA:219,0
DA:226,0
DA:228,0
DA:238,1
DA:239,1
DA:241,2
DA:243,2
DA:244,0
DA:245,0
DA:246,0
DA:250,1
DA:252,3
DA:253,2
DA:254,2
DA:255,4
DA:257,1
DA:263,1
DA:270,0
DA:271,0
DA:272,0
DA:274,0
DA:276,0
DA:278,0
DA:279,0
DA:280,0
DA:281,0
DA:285,0
DA:287,0
DA:288,0
DA:290,0
DA:298,0
DA:299,0
DA:301,0
DA:302,0
DA:304,0
DA:309,0
DA:311,0
DA:313,0
DA:315,0
DA:324,0
DA:325,0
DA:326,0
DA:328,0
DA:330,0
DA:332,0
DA:335,0
DA:337,0
DA:338,0
DA:342,0
DA:343,0
DA:344,0
DA:345,0
DA:346,0
DA:347,0
DA:348,0
DA:349,0
DA:350,0
DA:351,0
DA:361,0
DA:362,0
DA:363,0
DA:365,0
DA:367,0
DA:368,0
DA:369,0
DA:370,0
DA:374,0
DA:375,0
DA:376,0
DA:377,0
DA:378,0
DA:379,0
DA:380,0
DA:381,0
DA:382,0
DA:383,0
DA:384,0
DA:385,0
DA:386,0
DA:387,0
DA:388,0
DA:389,0
DA:391,0
DA:399,1
DA:402,1
DA:404,2
DA:405,4
DA:407,2
DA:408,1
DA:416,0
DA:417,0
DA:418,0
DA:420,0
DA:427,0
DA:428,0
DA:430,0
DA:431,0
DA:432,0
DA:433,0
DA:434,0
DA:436,0
LF:203
LH:27
end_of_record
SF:lib\core\registration\widgets\NewIDnum.dart
DA:6,0
DA:7,0
DA:14,0
DA:15,0
DA:18,0
DA:20,0
DA:22,0
DA:24,0
DA:25,0
DA:26,0
DA:27,0
DA:28,0
DA:30,0
DA:32,0
DA:34,0
DA:36,0
DA:38,0
DA:41,0
DA:42,0
DA:47,0
DA:48,0
DA:56,1
DA:57,2
DA:61,1
LF:24
LH:3
end_of_record
SF:lib\core\registration\widgets\NewLoc.dart
DA:6,0
DA:7,0
DA:23,0
DA:25,0
DA:27,0
DA:29,0
DA:30,0
DA:32,0
DA:33,0
DA:34,0
DA:35,0
DA:36,0
DA:37,0
DA:39,0
DA:41,0
DA:46,0
DA:47,0
DA:48,0
DA:50,0
DA:54,0
DA:56,0
DA:58,0
DA:60,0
DA:63,0
DA:66,0
DA:69,0
DA:72,0
DA:75,0
DA:76,0
DA:78,0
DA:82,0
DA:84,0
DA:86,0
DA:88,0
DA:91,0
DA:93,0
DA:96,0
DA:99,0
DA:102,0
DA:103,0
DA:104,0
DA:105,0
DA:109,0
DA:111,0
DA:113,0
DA:115,0
DA:118,0
DA:121,0
DA:124,0
DA:127,0
DA:130,0
DA:131,0
DA:132,0
DA:133,0
DA:137,0
DA:139,0
DA:141,0
DA:143,0
DA:146,0
DA:147,0
DA:150,0
DA:153,0
DA:156,0
DA:157,0
DA:158,0
DA:159,0
DA:163,0
DA:165,0
DA:167,0
DA:169,0
DA:172,0
DA:173,0
DA:176,0
DA:187,1
DA:188,2
DA:198,1
DA:199,1
LF:77
LH:4
end_of_record
SF:lib\core\registration\widgets\NewPassword.dart
DA:6,0
DA:7,0
DA:16,0
DA:17,0
DA:20,0
DA:22,0
DA:24,0
DA:26,0
DA:27,0
DA:28,0
DA:29,0
DA:30,0
DA:32,0
DA:34,0
DA:36,0
DA:38,0
DA:40,0
DA:43,0
DA:44,0
DA:45,0
DA:50,0
DA:53,0
DA:54,0
DA:55,0
DA:56,0
DA:57,0
DA:66,0
DA:67,0
DA:68,0
DA:73,1
DA:74,4
DA:78,4
DA:82,1
DA:83,1
LF:34
LH:5
end_of_record
SF:lib\core\registration\widgets\NewPassword2.dart
DA:6,0
DA:7,0
DA:16,0
DA:17,0
DA:20,0
DA:22,0
DA:24,0
DA:26,0
DA:27,0
DA:28,0
DA:29,0
DA:30,0
DA:31,0
DA:33,0
DA:35,0
DA:37,0
DA:39,0
DA:41,0
DA:44,0
DA:45,0
DA:50,0
DA:51,0
DA:52,0
DA:53,0
DA:54,0
DA:63,0
DA:64,0
DA:65,0
DA:70,1
DA:71,1
LF:30
LH:2
end_of_record
SF:lib\core\registration\widgets\NewPhone.dart
DA:6,0
DA:7,0
DA:14,0
DA:15,0
DA:18,0
DA:20,0
DA:22,0
DA:24,0
DA:25,0
DA:26,0
DA:27,0
DA:28,0
DA:30,0
DA:32,0
DA:34,0
DA:36,0
DA:38,0
DA:41,0
DA:42,0
DA:47,0
DA:49,0
DA:50,0
DA:58,1
DA:59,2
DA:63,1
LF:25
LH:3
end_of_record
SF:lib\core\registration\widgets\newEmail.dart
DA:6,0
DA:7,0
DA:14,0
DA:15,0
DA:19,0
DA:20,0
DA:21,0
DA:25,0
DA:27,0
DA:29,0
DA:31,0
DA:32,0
DA:33,0
DA:34,0
DA:35,0
DA:36,0
DA:38,0
DA:40,0
DA:42,0
DA:44,0
DA:46,0
DA:49,0
DA:50,0
DA:55,0
DA:57,0
DA:58,0
DA:67,1
DA:68,2
DA:70,2
DA:72,1
DA:74,1
LF:31
LH:5
end_of_record
SF:lib\core\registration\widgets\newName.dart
DA:6,0
DA:7,0
DA:15,0
DA:16,0
DA:17,0
DA:21,0
DA:22,0
DA:25,0
DA:27,0
DA:29,0
DA:31,0
DA:32,0
DA:33,0
DA:34,0
DA:35,0
DA:36,0
DA:38,0
DA:40,0
DA:42,0
DA:44,0
DA:46,0
DA:49,0
DA:50,0
DA:55,0
DA:56,0
DA:65,1
DA:66,2
LF:27
LH:2
end_of_record
SF:lib\widgets\Secret.dart
DA:6,0
DA:7,0
DA:15,0
DA:16,0
DA:18,0
DA:20,0
DA:21,0
DA:22,0
DA:23,0
DA:24,0
DA:26,0
DA:29,0
DA:31,0
DA:35,0
DA:36,0
DA:41,0
DA:42,0
DA:50,1
DA:51,2
LF:19
LH:2
end_of_record
SF:lib\core\registration\registration.functions.dart
DA:47,1
DA:49,1
DA:52,2
DA:56,1
DA:58,1
DA:63,2
DA:67,2
DA:70,2
DA:73,2
DA:77,1
DA:82,2
DA:85,1
DA:91,1
DA:92,1
DA:101,0
DA:102,0
DA:103,0
DA:104,0
DA:110,0
DA:114,0
LF:20
LH:14
end_of_record
SF:lib\core\registration\widgets\NewAge.dart
DA:6,0
DA:7,0
DA:14,0
DA:15,0
DA:19,0
DA:20,0
DA:21,0
DA:25,0
DA:27,0
DA:29,0
DA:31,0
DA:32,0
DA:33,0
DA:34,0
DA:36,0
DA:39,0
DA:40,0
DA:41,0
DA:42,0
DA:44,0
DA:46,0
DA:49,0
DA:51,0
DA:54,0
DA:55,0
DA:60,0
DA:61,0
DA:70,1
DA:71,1
LF:29
LH:2
end_of_record
SF:lib\utils\helpers\helper.dart
DA:8,0
DA:9,0
DA:10,0
DA:14,0
DA:15,0
DA:17,0
DA:18,0
DA:19,0
DA:21,0
DA:29,0
DA:30,0
DA:31,0
DA:33,0
DA:37,1
DA:40,1
DA:41,2
DA:42,3
DA:43,1
DA:45,2
DA:53,1
DA:54,1
DA:55,1
DA:56,1
DA:58,3
DA:60,1
DA:61,2
DA:62,4
DA:66,2
LF:28
LH:15
end_of_record
SF:lib\utils\helpers\db_helper.dart
DA:1,1
DA:5,2
LF:2
LH:2
end_of_record
SF:lib\core\login\login.functions.dart
DA:10,0
DA:11,0
DA:14,0
DA:15,0
DA:18,0
DA:19,0
DA:22,0
DA:24,0
DA:27,0
DA:28,0
DA:29,0
DA:30,0
DA:32,0
DA:35,0
DA:36,0
DA:37,0
DA:44,0
DA:45,0
DA:46,0
DA:47,0
DA:49,0
DA:52,0
DA:53,0
DA:54,0
DA:56,0
DA:63,0
DA:64,0
DA:66,0
DA:67,0
DA:69,0
DA:70,0
DA:72,0
DA:74,0
DA:86,0
DA:92,1
DA:93,4
DA:97,4
DA:101,1
DA:102,1
DA:107,1
DA:108,2
DA:113,1
LF:42
LH:8
end_of_record
SF:lib\classes\accountTypes.dart
DA:6,1
LF:1
LH:1
end_of_record
SF:lib\classes\accountDetails.dart
DA:11,0
LF:1
LH:0
end_of_record
SF:lib\classes\address.class.dart
DA:9,0
LF:1
LH:0
end_of_record
SF:lib\classes\log.dart
LF:0
LH:0
end_of_record
SF:lib\classes\name.class.dart
DA:7,0
LF:1
LH:0
end_of_record
SF:lib\classes\specificAccount.dart
DA:16,0
LF:1
LH:0
end_of_record
SF:lib\classes\thisUser.dart
DA:15,0
LF:1
LH:0
end_of_record
SF:lib\classes\user.class.dart
DA:16,0
DA:34,0
DA:35,0
DA:36,0
DA:37,0
DA:38,0
DA:39,0
DA:40,0
DA:41,0
DA:42,0
DA:43,0
DA:45,0
LF:12
LH:0
end_of_record
SF:lib\config\routes\router.dart
DA:24,0
DA:26,0
DA:29,0
DA:30,0
DA:33,0
DA:34,0
DA:37,0
DA:38,0
DA:41,0
DA:42,0
DA:47,0
DA:48,0
DA:50,0
DA:51,0
DA:53,0
DA:54,0
DA:56,0
DA:57,0
DA:59,0
DA:62,0
DA:63,0
DA:67,0
DA:68,0
DA:70,0
DA:71,0
DA:75,0
DA:80,0
DA:81,0
DA:82,0
DA:86,0
DA:87,0
DA:90,0
DA:91,0
DA:94,0
DA:95,0
DA:98,0
DA:99,0
DA:102,0
DA:103,0
DA:106,0
DA:107,0
DA:110,0
DA:111,0
DA:114,0
DA:115,0
DA:118,0
DA:119,0
DA:122,0
DA:124,0
DA:127,0
DA:128,0
DA:131,0
DA:132,0
LF:53
LH:0
end_of_record
SF:lib\core\account\accounts.dart
DA:14,0
DA:15,0
DA:30,0
DA:32,0
DA:35,0
DA:36,0
DA:37,0
DA:38,0
DA:39,0
DA:40,0
DA:41,0
DA:44,0
DA:45,0
DA:53,0
DA:54,0
DA:62,0
DA:65,0
DA:68,0
DA:69,0
DA:71,0
DA:74,0
DA:75,0
DA:77,0
DA:78,0
DA:79,0
DA:80,0
DA:81,0
DA:82,0
DA:83,0
DA:85,0
DA:86,0
DA:87,0
DA:88,0
DA:89,0
DA:91,0
DA:92,0
DA:93,0
DA:94,0
DA:98,0
DA:99,0
DA:101,0
DA:103,0
DA:109,0
DA:110,0
DA:112,0
DA:114,0
DA:116,0
DA:123,0
DA:124,0
DA:125,0
DA:126,0
DA:128,0
DA:129,0
DA:130,0
DA:131,0
DA:133,0
DA:134,0
DA:135,0
DA:136,0
DA:137,0
DA:138,0
DA:139,0
DA:140,0
DA:141,0
DA:147,0
DA:148,0
DA:149,0
DA:155,0
DA:156,0
DA:158,0
DA:164,0
DA:165,0
DA:166,0
DA:169,0
DA:174,0
DA:175,0
DA:178,0
DA:179,0
DA:181,0
DA:183,0
DA:185,0
DA:191,0
DA:194,0
DA:201,0
DA:202,0
DA:204,0
DA:205,0
DA:206,0
DA:208,0
DA:211,0
DA:219,0
LF:91
LH:0
end_of_record
SF:lib\core\bank_account_options\account_options.dart
DA:14,0
DA:16,0
DA:21,0
DA:22,0
DA:33,0
DA:35,0
DA:38,0
DA:39,0
DA:40,0
DA:41,0
DA:42,0
DA:44,0
DA:45,0
DA:46,0
DA:49,0
DA:50,0
DA:51,0
DA:52,0
DA:57,0
DA:58,0
DA:59,0
DA:60,0
DA:61,0
DA:67,0
DA:69,0
DA:71,0
DA:73,0
DA:74,0
DA:75,0
DA:77,0
DA:82,0
DA:83,0
DA:84,0
DA:85,0
DA:86,0
DA:87,0
DA:89,0
DA:90,0
DA:92,0
DA:101,0
DA:102,0
DA:105,0
DA:106,0
DA:108,0
DA:109,0
DA:112,0
DA:114,0
DA:117,0
DA:118,0
DA:119,0
DA:121,0
DA:123,0
DA:124,0
DA:125,0
DA:126,0
DA:131,0
DA:134,0
DA:136,0
DA:137,0
DA:138,0
DA:151,0
DA:156,0
DA:158,0
DA:161,0
DA:162,0
DA:163,0
DA:164,0
DA:165,0
DA:166,0
DA:167,0
DA:169,0
DA:170,0
DA:171,0
DA:172,0
DA:175,0
DA:177,0
DA:181,0
DA:182,0
DA:183,0
DA:187,0
DA:189,0
DA:191,0
DA:200,0
DA:203,0
DA:221,0
DA:222,0
DA:223,0
DA:232,0
LF:88
LH:0
end_of_record
SF:lib\core\select_payment\select_payment.dart
DA:12,0
DA:13,0
DA:19,0
DA:21,0
DA:23,0
DA:24,0
DA:25,0
DA:26,0
DA:34,0
DA:36,0
DA:37,0
DA:39,0
DA:43,0
DA:47,0
DA:49,0
DA:53,0
DA:55,0
DA:58,0
DA:59,0
DA:63,0
DA:64,0
DA:67,0
DA:70,0
DA:71,0
DA:73,0
DA:74,0
DA:81,0
DA:82,0
DA:86,0
DA:88,0
DA:96,0
DA:97,0
DA:101,0
DA:105,0
DA:114,0
DA:115,0
DA:119,0
DA:123,0
DA:139,0
DA:140,0
DA:141,0
DA:144,0
LF:42
LH:0
end_of_record
SF:lib\core\specific_account\specific_bank_account.dart
DA:21,0
DA:23,0
DA:24,0
DA:40,0
DA:42,0
DA:45,0
DA:47,0
DA:50,0
DA:51,0
DA:55,0
DA:56,0
DA:57,0
DA:59,0
DA:60,0
DA:61,0
DA:67,0
DA:70,0
DA:71,0
DA:75,0
DA:77,0
DA:78,0
DA:80,0
DA:84,0
DA:85,0
DA:88,0
DA:89,0
DA:90,0
DA:92,0
DA:93,0
DA:95,0
DA:96,0
DA:97,0
DA:99,0
DA:100,0
DA:101,0
DA:103,0
DA:104,0
DA:108,0
DA:113,0
DA:114,0
DA:117,0
DA:118,0
DA:120,0
DA:124,0
DA:127,0
DA:130,0
DA:136,0
DA:139,0
DA:147,0
DA:148,0
DA:152,0
DA:155,0
DA:156,0
DA:157,0
DA:158,0
DA:159,0
DA:160,0
DA:162,0
DA:163,0
DA:168,0
DA:170,0
DA:171,0
DA:173,0
DA:190,0
DA:192,0
DA:193,0
DA:195,0
DA:200,0
DA:201,0
DA:202,0
DA:204,0
DA:206,0
DA:207,0
DA:208,0
DA:211,0
DA:213,0
DA:214,0
DA:216,0
DA:217,0
DA:218,0
DA:221,0
DA:223,0
DA:224,0
DA:226,0
DA:236,0
DA:237,0
DA:240,0
DA:243,0
DA:247,0
DA:251,0
DA:252,0
DA:253,0
DA:258,0
DA:259,0
DA:262,0
DA:265,0
DA:266,0
DA:267,0
DA:272,0
DA:275,0
DA:276,0
DA:277,0
DA:314,0
DA:317,0
DA:320,0
DA:323,0
DA:325,0
DA:333,0
DA:337,0
DA:341,0
DA:343,0
DA:350,0
DA:353,0
DA:363,0
DA:364,0
DA:365,0
DA:368,0
LF:117
LH:0
end_of_record
SF:lib\core\login\login.dart
DA:14,0
DA:16,0
DA:17,0
DA:20,0
DA:21,0
DA:22,0
DA:25,0
DA:27,0
DA:28,0
DA:29,0
DA:30,0
DA:35,0
DA:36,0
DA:38,0
DA:39,0
DA:43,0
DA:44,0
DA:45,0
DA:46,0
DA:48,0
LF:20
LH:0
end_of_record
SF:lib\core\registration\admin_registration.dart
DA:18,0
DA:19,0
DA:23,0
DA:25,0
DA:26,0
DA:27,0
DA:30,0
DA:32,0
DA:33,0
DA:34,0
DA:35,0
DA:36,0
DA:38,0
DA:39,0
DA:43,0
DA:44,0
DA:45,0
DA:46,0
DA:47,0
DA:48,0
DA:49,0
DA:50,0
DA:51,0
DA:52,0
DA:53,0
DA:54,0
LF:26
LH:0
end_of_record
SF:lib\core\registration\client_registration.dart
DA:17,0
DA:18,0
DA:22,0
DA:24,0
DA:25,0
DA:26,0
DA:29,0
DA:31,0
DA:32,0
DA:33,0
DA:34,0
DA:35,0
DA:37,0
DA:38,0
DA:41,0
DA:42,0
DA:43,0
DA:44,0
DA:45,0
DA:46,0
DA:47,0
DA:48,0
DA:49,0
DA:50,0
DA:51,0
LF:25
LH:0
end_of_record
SF:lib\core\registration\newuser.page.dart
DA:17,0
DA:18,0
DA:22,0
DA:24,0
DA:25,0
DA:26,0
DA:29,0
DA:31,0
DA:32,0
DA:33,0
DA:34,0
DA:35,0
DA:37,0
DA:38,0
DA:42,0
DA:43,0
DA:44,0
DA:45,0
DA:46,0
DA:47,0
DA:48,0
DA:49,0
DA:50,0
DA:51,0
LF:24
LH:0
end_of_record
SF:lib\core\verification_list\admin_verification_list.dart
DA:10,0
DA:11,0
DA:33,0
DA:35,0
DA:37,0
DA:38,0
DA:39,0
DA:43,0
DA:45,0
DA:46,0
DA:47,0
DA:49,0
DA:50,0
DA:53,0
DA:55,0
DA:56,0
DA:58,0
DA:66,0
DA:68,0
DA:69,0
DA:70,0
DA:77,0
DA:79,0
DA:80,0
DA:81,0
DA:84,0
DA:88,0
DA:89,0
DA:90,0
DA:93,0
DA:103,0
DA:105,0
DA:106,0
DA:107,0
DA:108,0
DA:109,0
DA:110,0
DA:111,0
DA:113,0
DA:115,0
DA:127,0
DA:130,0
DA:140,0
DA:141,0
DA:142,0
DA:143,0
DA:148,0
DA:151,0
DA:152,0
DA:157,0
LF:50
LH:0
end_of_record
SF:lib\core\verification_status\verification_status.dart
DA:11,0
DA:12,0
DA:20,0
DA:22,0
DA:24,0
DA:25,0
DA:26,0
DA:28,0
DA:29,0
DA:30,0
DA:33,0
DA:34,0
DA:35,0
DA:40,0
DA:42,0
DA:43,0
DA:45,0
DA:49,0
DA:50,0
DA:51,0
DA:52,0
DA:53,0
DA:54,0
DA:55,0
DA:56,0
DA:57,0
DA:58,0
DA:59,0
DA:62,0
DA:64,0
DA:66,0
DA:67,0
DA:68,0
DA:69,0
DA:74,0
DA:75,0
DA:76,0
DA:77,0
DA:78,0
DA:79,0
DA:80,0
DA:81,0
DA:82,0
DA:85,0
DA:87,0
DA:88,0
DA:89,0
DA:90,0
DA:92,0
DA:93,0
DA:94,0
DA:95,0
DA:99,0
DA:100,0
DA:102,0
DA:103,0
DA:104,0
DA:106,0
DA:107,0
DA:108,0
DA:109,0
DA:110,0
DA:111,0
DA:112,0
DA:113,0
DA:114,0
DA:115,0
DA:116,0
DA:117,0
DA:118,0
DA:119,0
DA:121,0
DA:132,0
DA:134,0
DA:136,0
DA:137,0
DA:138,0
DA:140,0
DA:142,0
DA:143,0
DA:145,0
DA:146,0
DA:158,0
DA:160,0
DA:162,0
DA:163,0
DA:164,0
DA:166,0
DA:177,0
DA:179,0
DA:180,0
DA:182,0
DA:183,0
DA:194,0
DA:196,0
DA:198,0
DA:199,0
DA:200,0
DA:202,0
DA:203,0
DA:206,0
DA:211,0
DA:217,0
DA:218,0
DA:220,0
DA:226,0
DA:227,0
DA:228,0
DA:237,0
LF:109
LH:0
end_of_record
SF:lib\core\timeline\timeline.dart
DA:10,0
DA:11,0
DA:18,0
DA:20,0
DA:21,0
DA:22,0
DA:23,0
DA:25,0
DA:26,0
DA:27,0
DA:33,0
DA:35,0
DA:36,0
DA:38,0
DA:42,0
DA:43,0
DA:44,0
DA:45,0
DA:46,0
DA:47,0
DA:48,0
DA:50,0
DA:51,0
DA:54,0
DA:56,0
DA:57,0
DA:59,0
DA:67,0
DA:69,0
DA:70,0
DA:71,0
DA:78,0
DA:80,0
DA:81,0
DA:82,0
DA:85,0
DA:89,0
DA:91,0
DA:93,0
DA:94,0
DA:95,0
DA:98,0
DA:100,0
DA:101,0
DA:102,0
DA:103,0
DA:104,0
DA:105,0
DA:106,0
DA:107,0
DA:108,0
DA:111,0
DA:119,0
DA:120,0
DA:121,0
DA:122,0
DA:123,0
DA:125,0
DA:126,0
DA:146,0
DA:147,0
DA:148,0
DA:157,0
LF:63
LH:0
end_of_record
SF:lib\config\routes\router.helper.dart
DA:5,0
DA:6,0
DA:7,0
DA:14,0
DA:16,0
DA:18,0
DA:19,0
DA:20,0
DA:21,0
DA:22,0
DA:29,0
DA:30,0
DA:33,0
DA:34,0
DA:35,0
DA:36,0
DA:39,0
LF:17
LH:0
end_of_record
SF:lib\config\routes\undefined_page.dart
DA:6,0
DA:8,0
DA:10,0
DA:11,0
DA:12,0
LF:5
LH:0
end_of_record
SF:lib\core\SHA-256_encryption.dart
DA:5,0
DA:7,0
DA:9,0
DA:13,0
LF:4
LH:0
end_of_record
SF:lib\widgets\navigation.dart
DA:9,0
DA:11,0
DA:12,0
DA:13,0
DA:14,0
DA:26,0
DA:29,0
DA:32,0
DA:36,0
DA:38,0
DA:39,0
DA:43,0
DA:45,0
DA:47,0
DA:49,0
DA:50,0
DA:57,0
DA:60,0
DA:64,0
DA:67,0
DA:68,0
DA:74,0
DA:75,0
DA:83,0
DA:86,0
DA:87,0
DA:88,0
DA:105,0
DA:107,0
DA:109,0
DA:110,0
DA:117,0
DA:118,0
DA:119,0
DA:124,0
DA:126,0
DA:128,0
DA:129,0
DA:136,0
DA:137,0
DA:138,0
DA:144,0
DA:146,0
DA:148,0
DA:149,0
DA:156,0
DA:157,0
DA:158,0
DA:163,0
DA:165,0
DA:167,0
DA:168,0
DA:175,0
DA:176,0
DA:177,0
DA:182,0
DA:185,0
DA:187,0
DA:189,0
DA:190,0
DA:197,0
DA:199,0
LF:62
LH:0
end_of_record
SF:lib\utils\helpers\style.dart
DA:13,0
DA:14,0
DA:18,0
LF:3
LH:0
end_of_record
SF:lib\utils\services\local_db.dart
DA:18,0
DA:19,0
DA:26,0
DA:31,0
DA:35,0
DA:37,0
DA:38,0
DA:41,0
DA:42,0
DA:46,0
DA:53,0
DA:54,0
DA:58,0
DA:67,0
DA:68,0
DA:69,0
DA:75,0
DA:78,0
DA:80,0
DA:84,0
DA:87,0
DA:89,0
DA:93,0
DA:94,0
DA:95,0
DA:101,0
DA:113,0
DA:114,0
DA:117,0
DA:118,0
DA:124,0
DA:129,0
DA:132,0
DA:134,0
DA:138,0
DA:139,0
DA:142,0
DA:144,0
DA:145,0
DA:146,0
DA:147,0
DA:148,0
DA:149,0
DA:150,0
DA:151,0
DA:152,0
DA:153,0
DA:154,0
DA:155,0
DA:156,0
DA:157,0
DA:158,0
DA:159,0
DA:160,0
DA:170,0
DA:173,0
DA:176,0
DA:177,0
DA:183,0
DA:188,0
DA:191,0
DA:193,0
DA:199,0
DA:217,0
DA:220,0
DA:223,0
DA:227,0
DA:228,0
DA:235,0
DA:240,0
DA:248,0
DA:251,0
LF:72
LH:0
end_of_record
SF:lib\core\account\widgets\card_info.dart
DA:23,0
DA:34,0
DA:35,0
DA:43,0
DA:44,0
DA:45,0
DA:49,0
DA:51,0
DA:54,0
DA:55,0
DA:56,0
DA:57,0
DA:58,0
DA:59,0
DA:60,0
DA:62,0
DA:63,0
DA:64,0
DA:65,0
DA:66,0
DA:67,0
DA:68,0
DA:69,0
DA:71,0
DA:72,0
DA:77,0
DA:79,0
DA:80,0
DA:81,0
DA:82,0
DA:83,0
DA:84,0
DA:86,0
DA:91,0
DA:93,0
DA:94,0
DA:95,0
DA:96,0
DA:97,0
DA:98,0
DA:99,0
DA:101,0
DA:102,0
DA:103,0
DA:104,0
DA:106,0
DA:108,0
DA:109,0
DA:110,0
DA:111,0
DA:112,0
DA:113,0
DA:114,0
DA:130,0
DA:137,0
DA:139,0
DA:141,0
DA:142,0
DA:143,0
DA:153,0
DA:154,0
DA:155,0
DA:162,0
DA:164,0
DA:165,0
DA:166,0
DA:167,0
DA:173,0
DA:174,0
DA:176,0
DA:184,0
DA:197,0
DA:204,0
DA:206,0
DA:208,0
DA:209,0
DA:210,0
DA:220,0
DA:221,0
DA:222,0
DA:229,0
DA:231,0
DA:232,0
DA:233,0
DA:234,0
DA:240,0
DA:241,0
DA:242,0
DA:258,0
DA:260,0
DA:262,0
DA:263,0
DA:266,0
DA:267,0
DA:268,0
DA:269,0
DA:270,0
DA:271,0
DA:274,0
DA:275,0
DA:276,0
DA:277,0
DA:280,0
DA:282,0
DA:283,0
DA:286,0
LF:106
LH:0
end_of_record
SF:lib\core\account\accounts.functions.dart
DA:6,0
DA:8,0
LF:2
LH:0
end_of_record
SF:lib\widgets\button.dart
DA:5,0
DA:6,0
DA:7,0
DA:11,0
DA:13,0
DA:17,0
DA:20,0
DA:21,0
DA:22,0
DA:23,0
DA:27,0
DA:34,0
DA:36,0
DA:37,0
DA:38,0
DA:40,0
DA:42,0
DA:43,0
DA:45,0
LF:19
LH:0
end_of_record
SF:lib\widgets\first.dart
DA:7,0
DA:8,0
DA:12,0
DA:14,0
DA:15,0
DA:18,0
DA:21,0
DA:23,0
DA:24,0
DA:25,0
DA:27,0
DA:29,0
DA:35,0
DA:36,0
DA:37,0
DA:40,0
DA:41,0
DA:42,0
DA:43,0
DA:45,0
DA:48,0
DA:49,0
DA:50,0
DA:57,0
DA:58,0
DA:59,0
DA:60,0
DA:62,0
DA:63,0
DA:66,0
DA:67,0
DA:68,0
DA:70,0
DA:71,0
DA:78,0
DA:80,0
LF:36
LH:0
end_of_record
SF:lib\core\registration\widgets\Logo.dart
DA:4,0
DA:5,0
DA:9,0
DA:11,0
LF:4
LH:0
end_of_record
SF:lib\core\login\widgets\login_id.dart
DA:7,0
DA:8,0
DA:9,0
DA:16,0
DA:18,0
DA:20,0
DA:22,0
DA:23,0
DA:24,0
DA:25,0
DA:26,0
DA:28,0
DA:31,0
DA:40,0
DA:41,0
DA:42,0
LF:16
LH:0
end_of_record
SF:lib\core\login\widgets\login_password.dart
DA:6,0
DA:7,0
DA:9,0
DA:14,0
DA:16,0
DA:18,0
DA:20,0
DA:21,0
DA:22,0
DA:23,0
DA:24,0
DA:25,0
DA:28,0
DA:32,0
DA:41,0
DA:42,0
LF:16
LH:0
end_of_record
SF:lib\widgets\buttonNewUser.dart
DA:10,0
DA:13,0
DA:29,0
DA:33,0
DA:37,0
DA:47,0
DA:50,0
DA:54,0
DA:57,0
DA:75,0
DA:79,0
DA:83,0
DA:85,0
DA:95,0
DA:98,0
DA:102,0
DA:103,0
DA:107,0
DA:109,0
DA:111,0
DA:114,0
DA:115,0
DA:116,0
DA:125,0
DA:126,0
DA:127,0
DA:129,0
DA:131,0
DA:155,0
DA:156,0
DA:157,0
DA:165,0
DA:166,0
DA:170,0
DA:172,0
DA:182,0
DA:183,0
DA:184,0
DA:192,0
DA:193,0
DA:198,0
DA:200,0
DA:201,0
DA:203,0
LF:44
LH:0
end_of_record
SF:lib\widgets\userOld.dart
DA:4,0
DA:6,0
DA:8,0
DA:12,0
DA:14,0
DA:15,0
DA:17,0
DA:22,0
DA:23,0
DA:24,0
DA:25,0
DA:26,0
DA:29,0
DA:31,0
LF:14
LH:0
end_of_record
SF:lib\core\registration\widgets\NewSurname.dart
DA:6,0
DA:7,0
DA:14,0
DA:15,0
DA:19,0
DA:20,0
DA:21,0
DA:25,0
DA:27,0
DA:29,0
DA:31,0
DA:32,0
DA:33,0
DA:34,0
DA:35,0
DA:36,0
DA:38,0
DA:40,0
DA:42,0
DA:44,0
DA:46,0
DA:49,0
DA:50,0
DA:55,0
DA:56,0
DA:65,0
DA:66,0
LF:27
LH:0
end_of_record
SF:lib\core\select_payment\widgets\paymentButton.dart
DA:14,0
DA:16,0
DA:17,0
DA:24,0
DA:27,0
DA:34,0
DA:40,0
DA:41,0
DA:42,0
DA:46,0
DA:55,0
DA:59,0
DA:62,0
DA:63,0
DA:67,0
DA:69,0
DA:72,0
DA:74,0
DA:80,0
DA:81,0
DA:82,0
DA:94,0
DA:96,0
DA:102,0
DA:103,0
DA:104,0
DA:115,0
DA:116,0
DA:119,0
DA:121,0
DA:127,0
DA:128,0
DA:137,0
DA:139,0
DA:145,0
DA:146,0
DA:156,0
DA:158,0
DA:164,0
DA:165,0
DA:189,0
DA:192,0
DA:195,0
LF:43
LH:0
end_of_record
SF:lib\utils\helpers\icons.dart
DA:4,0
LF:1
LH:0
end_of_record
SF:lib\core\verification_list\admin_verify_user.dart
DA:13,0
DA:14,0
DA:15,0
DA:29,0
DA:30,0
DA:31,0
DA:32,0
DA:33,0
DA:54,0
DA:56,0
DA:57,0
DA:58,0
DA:60,0
DA:64,0
DA:66,0
DA:67,0
DA:68,0
DA:69,0
DA:70,0
DA:71,0
DA:74,0
DA:76,0
DA:77,0
DA:79,0
DA:84,0
DA:89,0
DA:90,0
DA:97,0
DA:99,0
DA:100,0
DA:101,0
DA:108,0
DA:110,0
DA:111,0
DA:112,0
DA:115,0
DA:119,0
DA:120,0
DA:125,0
DA:127,0
DA:128,0
DA:133,0
DA:135,0
DA:142,0
DA:143,0
DA:144,0
DA:145,0
DA:146,0
DA:147,0
DA:148,0
DA:149,0
DA:150,0
DA:153,0
DA:155,0
DA:157,0
DA:159,0
DA:163,0
DA:165,0
DA:197,0
DA:198,0
DA:199,0
DA:208,0
DA:217,0
DA:219,0
DA:221,0
DA:223,0
DA:224,0
DA:225,0
DA:226,0
DA:228,0
DA:229,0
DA:232,0
DA:237,0
DA:243,0
DA:244,0
DA:246,0
LF:76
LH:0
end_of_record
SF:lib\widgets\buttonRejectClient.dart
DA:5,0
DA:6,0
DA:7,0
DA:12,0
DA:14,0
DA:20,0
DA:23,0
DA:24,0
DA:25,0
DA:26,0
DA:30,0
DA:37,0
DA:39,0
DA:40,0
DA:41,0
DA:43,0
DA:45,0
DA:46,0
DA:48,0
LF:19
LH:0
end_of_record
SF:lib\widgets\buttonVerifyClient.dart
DA:5,0
DA:6,0
DA:7,0
DA:12,0
DA:14,0
DA:20,0
DA:23,0
DA:24,0
DA:25,0
DA:26,0
DA:30,0
DA:37,0
DA:39,0
DA:40,0
DA:41,0
DA:43,0
DA:45,0
DA:46,0
DA:48,0
LF:19
LH:0
end_of_record
SF:lib\core\verification_list\verification.functions.dart
DA:14,0
DA:19,0
DA:26,0
DA:39,0
DA:43,0
DA:47,0
DA:52,0
DA:62,0
LF:8
LH:0
end_of_record
